START : 2018-07-10 01:55:05.985764
START : 2018-07-10 01:59:09.150682
2018-07-10 01:59:10.120198 Ошибка: ('Error while waiting for events:\n- SQLCODE: 0\n- unknown ISC error 0', 0, 0)
START : 2018-07-10 05:46:02.658078
START : 2018-07-10 22:26:08.150180
START : 2018-07-10 23:49:35.971365
START : 2018-07-10 23:54:11.442412
START : 2018-07-10 23:56:35.355481
START : 2018-07-11 00:01:03.484378
START : 2018-07-11 00:03:53.614886
START : 2018-07-11 00:08:07.403078
START : 2018-07-11 00:09:04.719708
START : 2018-07-11 02:15:55.538934
START : 2018-07-11 02:18:32.706170
START : 2018-07-11 02:18:50.252084
START : 2018-07-11 03:03:45.948666
START : 2018-07-11 03:20:49.622182
START : 2018-07-11 08:10:57.371108
START : 2018-07-14 13:25:28.711963
START : 2018-07-16 01:12:45.397090
START : 2018-07-16 07:00:44.378563
START : 2018-07-16 07:41:15.754508
START : 2018-07-16 22:55:30.578125
START : 2018-07-16 22:56:31
START : 2018-07-17 03:24:22.531250
2018-07-17 03:39:08.859375 Ошибка: ('Error while waiting for events:\n- SQLCODE: 0\n- unknown ISC error 0', 0, 0)
2018-07-17 03:44:15.218750 Ошибка: ('Error while waiting for events:\n- SQLCODE: 0\n- unknown ISC error 0', 0, 0)
2018-07-17 03:44:15.218750 Ошибка: ('Error while waiting for events:\n- SQLCODE: 0\n- unknown ISC error 0', 0, 0)
START : 2018-07-17 03:56:39.390625
2018-07-17 04:15:22.093750 Ошибка: ('Error while waiting for events:\n- SQLCODE: 0\n- unknown ISC error 0', 0, 0)
START : 2018-07-17 06:52:23.890625
START : 2018-07-17 07:09:42.781250
START : 2018-07-17 07:11:35.046875
START : 2018-07-19 18:31:13.730911
START : 2018-07-19 18:40:14.471431
START : 2018-07-19 18:50:17.023383
START : 2018-07-19 19:02:06.589773
START : 2018-07-19 19:06:20.455104
START : 2018-07-20 10:02:10.180035
START : 2018-07-20 19:09:22.851276
START : 2018-07-21 21:17:02.611890
2018-07-21 21:35:54.618437 Ошибка: ('Error while waiting for events:\n- SQLCODE: 0\n- unknown ISC error 0', 0, 0)
2018-07-21 21:46:42.405497 Ошибка: ('Error while waiting for events:\n- SQLCODE: 0\n- unknown ISC error 0', 0, 0)
2018-07-21 22:12:09.722542 Ошибка: ('Error while waiting for events:\n- SQLCODE: 0\n- unknown ISC error 0', 0, 0)
START : 2018-07-22 05:55:40.347335
START : 2018-07-22 06:58:16.479819
START : 2018-07-22 07:17:22.440469
START : 2018-07-22 21:31:30.812606
2018-07-22 23:55:01.100122 Ошибка: ('Error while waiting for events:\n- SQLCODE: 0\n- unknown ISC error 0', 0, 0)
START : 2018-07-23 01:51:42.537117
START : 2018-07-23 02:01:08.180454
START : 2018-07-25 11:44:10.262886
        START : 2018-07-25 14:51:09.386961
        START : 2018-07-25 14:52:46.080127
        START : 2018-07-25 14:56:46.524947
        START : 2018-07-25 14:57:35.207217
        START : 2018-07-25 16:15:15.277641
        START : 2018-07-25 16:32:42.971545
        START : 2018-07-25 16:34:09.768189
        START : 2018-07-25 16:35:24.356096
        START : 2018-07-25 16:35:56.359466
        START : 2018-07-25 16:39:27.597486
        START : 2018-07-25 16:40:49.641699
        START : 2018-07-25 16:42:51.560492
        START : 2018-07-25 16:45:44.956582
        START : 2018-07-25 16:48:49.128710
        START : 2018-07-25 16:50:18.467211
        START : 2018-07-25 16:50:52.800638
        START : 2018-07-25 16:58:43.337302
        START : 2018-07-25 16:59:10.348311
        START : 2018-07-25 17:06:16.653854
        START : 2018-07-25 17:16:17.250665
START : 2018-07-25 19:07:45.223334
START : 2018-07-26 13:05:31.310073
START : 2018-07-26 13:06:12.043346
START : 2018-07-26 13:19:48.348137
START : 2018-07-26 13:21:57.948330
START : 2018-07-26 13:22:25.613857
START : 2018-07-26 13:46:05.642278
START : 2018-07-26 13:59:22.259580
START : 2018-07-26 14:00:03.508069
START : 2018-07-26 14:13:08.509597
START : 2018-07-26 14:14:53.363819
2018-07-26 14:41:00.088229 Ошибка: ('Error while waiting for events:\n- SQLCODE: 0\n- unknown ISC error 0', 0, 0)
2018-07-26 14:49:43.110329 Ошибка: ('Error while waiting for events:\n- SQLCODE: 0\n- unknown ISC error 0', 0, 0)
START : 2018-07-26 15:03:29.516472
START : 2018-07-26 16:49:25.405932
HTTPConnectionPool(host='127.0.0.1', port=8000): Max retries exceeded with url: /data_sync/get?type=get_weights (Caused by NewConnectionError('<urllib3.connection.HTTPConnection object at 0x01C31750>: Failed to establish a new connection: [WinError 10061] Подключение не установлено, т.к. конечный компьютер отверг запрос на подключение',))
